Performing C SOURCE FILE Test CMAKE_HAVE_LIBC_PTHREAD failed with the following output:
Change Dir: /root/cty/game_project/build/CMakeFiles/CMakeTmp

Run Build Command(s):/opt/rh/devtoolset-8/root/usr/bin/gmake cmTC_4266b/fast && gmake[1]: 进入目录“/root/cty/game_project/build/CMakeFiles/CMakeTmp”
/opt/rh/devtoolset-8/root/usr/bin/gmake  -f CMakeFiles/cmTC_4266b.dir/build.make CMakeFiles/cmTC_4266b.dir/build
gmake[2]: 进入目录“/root/cty/game_project/build/CMakeFiles/CMakeTmp”
Building C object CMakeFiles/cmTC_4266b.dir/src.c.o
/opt/rh/devtoolset-9/root/usr/bin/gcc   -rdynamic -O3 -fPIC -ggdb -std=c11 -Wall -Wno-deprecated -Werror -Wno-unused-function -Wno-builtin-macro-redefined -Wno-deprecated-declarations -DCMAKE_HAVE_LIBC_PTHREAD   -o CMakeFiles/cmTC_4266b.dir/src.c.o   -c /root/cty/game_project/build/CMakeFiles/CMakeTmp/src.c
Linking C executable cmTC_4266b
/usr/local/cmake/bin/cmake -E cmake_link_script CMakeFiles/cmTC_4266b.dir/link.txt --verbose=1
/opt/rh/devtoolset-9/root/usr/bin/gcc  -rdynamic -O3 -fPIC -ggdb -std=c11 -Wall -Wno-deprecated -Werror -Wno-unused-function -Wno-builtin-macro-redefined -Wno-deprecated-declarations -DCMAKE_HAVE_LIBC_PTHREAD    -rdynamic CMakeFiles/cmTC_4266b.dir/src.c.o  -o cmTC_4266b 
/opt/rh/devtoolset-9/root/usr/libexec/gcc/x86_64-redhat-linux/9/ld: CMakeFiles/cmTC_4266b.dir/src.c.o: in function `main':
/root/cty/game_project/build/CMakeFiles/CMakeTmp/src.c:11: undefined reference to `pthread_create'
/opt/rh/devtoolset-9/root/usr/libexec/gcc/x86_64-redhat-linux/9/ld: /root/cty/game_project/build/CMakeFiles/CMakeTmp/src.c:12: undefined reference to `pthread_detach'
/opt/rh/devtoolset-9/root/usr/libexec/gcc/x86_64-redhat-linux/9/ld: /root/cty/game_project/build/CMakeFiles/CMakeTmp/src.c:13: undefined reference to `pthread_join'
/opt/rh/devtoolset-9/root/usr/libexec/gcc/x86_64-redhat-linux/9/ld: /root/cty/game_project/build/CMakeFiles/CMakeTmp/src.c:14: undefined reference to `pthread_atfork'
collect2: error: ld returned 1 exit status
gmake[2]: *** [CMakeFiles/cmTC_4266b.dir/build.make:90：cmTC_4266b] 错误 1
gmake[2]: 离开目录“/root/cty/game_project/build/CMakeFiles/CMakeTmp”
gmake[1]: *** [Makefile:124：cmTC_4266b/fast] 错误 2
gmake[1]: 离开目录“/root/cty/game_project/build/CMakeFiles/CMakeTmp”


Source file was:
#include <pthread.h>

void* test_func(void* data)
{
  return data;
}

int main(void)
{
  pthread_t thread;
  pthread_create(&thread, NULL, test_func, NULL);
  pthread_detach(thread);
  pthread_join(thread, NULL);
  pthread_atfork(NULL, NULL, NULL);
  pthread_exit(NULL);

  return 0;
}

Determining if the function pthread_create exists in the pthreads failed with the following output:
Change Dir: /root/cty/game_project/build/CMakeFiles/CMakeTmp

Run Build Command(s):/opt/rh/devtoolset-8/root/usr/bin/gmake cmTC_f98a8/fast && gmake[1]: 进入目录“/root/cty/game_project/build/CMakeFiles/CMakeTmp”
/opt/rh/devtoolset-8/root/usr/bin/gmake  -f CMakeFiles/cmTC_f98a8.dir/build.make CMakeFiles/cmTC_f98a8.dir/build
gmake[2]: 进入目录“/root/cty/game_project/build/CMakeFiles/CMakeTmp”
Building C object CMakeFiles/cmTC_f98a8.dir/CheckFunctionExists.c.o
/opt/rh/devtoolset-9/root/usr/bin/gcc   -rdynamic -O3 -fPIC -ggdb -std=c11 -Wall -Wno-deprecated -Werror -Wno-unused-function -Wno-builtin-macro-redefined -Wno-deprecated-declarations -DCHECK_FUNCTION_EXISTS=pthread_create   -o CMakeFiles/cmTC_f98a8.dir/CheckFunctionExists.c.o   -c /usr/local/cmake/share/cmake-3.16/Modules/CheckFunctionExists.c
Linking C executable cmTC_f98a8
/usr/local/cmake/bin/cmake -E cmake_link_script CMakeFiles/cmTC_f98a8.dir/link.txt --verbose=1
/opt/rh/devtoolset-9/root/usr/bin/gcc  -rdynamic -O3 -fPIC -ggdb -std=c11 -Wall -Wno-deprecated -Werror -Wno-unused-function -Wno-builtin-macro-redefined -Wno-deprecated-declarations -DCHECK_FUNCTION_EXISTS=pthread_create    -rdynamic CMakeFiles/cmTC_f98a8.dir/CheckFunctionExists.c.o  -o cmTC_f98a8  -lpthreads 
/opt/rh/devtoolset-9/root/usr/libexec/gcc/x86_64-redhat-linux/9/ld: 找不到 -lpthreads
collect2: error: ld returned 1 exit status
gmake[2]: *** [CMakeFiles/cmTC_f98a8.dir/build.make:90：cmTC_f98a8] 错误 1
gmake[2]: 离开目录“/root/cty/game_project/build/CMakeFiles/CMakeTmp”
gmake[1]: *** [Makefile:124：cmTC_f98a8/fast] 错误 2
gmake[1]: 离开目录“/root/cty/game_project/build/CMakeFiles/CMakeTmp”



